------------------------------------------------------------------------------------------------------------------------

[2017-02-27 16:07:28 #1 store] 
Database 'G:\Informatika\4 curso\Ingenieria del software\MarronObjectBD\ruralHousesDB.odb' is opened by 10548@ASIER

------------------------------------------------------------------------------------------------------------------------

[2017-02-27 17:05:27 #1 store] 
Database 'G:\Informatika\4 curso\Ingenieria del software\MarronObjectBD\ruralHousesDB.odb' is opened by 8696@ASIER

------------------------------------------------------------------------------------------------------------------------

[2017-02-27 17:22:56 #1 store] 
Database 'G:\Informatika\4 curso\Ingenieria del software\MarronObjectBD\ruralHousesDB.odb' is opened by 6456@ASIER

------------------------------------------------------------------------------------------------------------------------

[2017-02-27 17:50:03 #1 store] 
Database 'G:\Informatika\4 curso\Ingenieria del software\MarronObjectBD\ruralHousesDB.odb' is opened by 18192@ASIER

------------------------------------------------------------------------------------------------------------------------

[2017-02-27 21:53:19 #1 store] 
Database 'G:\Informatika\4 curso\Ingenieria del software\MarronObjectBD\ruralHousesDB.odb' is opened by 12100@ASIER

------------------------------------------------------------------------------------------------------------------------

[2017-02-27 22:00:53 #1 store] 
Database 'G:\Informatika\4 curso\Ingenieria del software\MarronObjectBD\ruralHousesDB.odb' is opened by 18216@ASIER

------------------------------------------------------------------------------------------------------------------------

[2017-02-27 22:03:21 #1 store] 
Database 'G:\Informatika\4 curso\Ingenieria del software\MarronObjectBD\ruralHousesDB.odb' is opened by 14164@ASIER

------------------------------------------------------------------------------------------------------------------------

[2017-02-27 22:15:52 #1 store] 
Database 'G:\Informatika\4 curso\Ingenieria del software\MarronObjectBD\ruralHousesDB.odb' is opened by 11700@ASIER

------------------------------------------------------------------------------------------------------------------------

[2017-02-27 22:36:33 #1 store] 
Database 'G:\Informatika\4 curso\Ingenieria del software\MarronObjectBD - copia\Casas_Rurales.odb' is opened by 2880@ASIER

[2017-02-27 22:36:33 #2 type.registry] 
New type domain.RuralHouse

[2017-02-27 22:36:33 #3 type] 
Type domain.RuralHouse is not enhanced.

[2017-02-27 22:36:33 #4 type.registry] 
New type domain.Offer

[2017-02-27 22:36:33 #5 type] 
Type domain.Offer is not enhanced.

[2017-02-27 22:36:33 #6 type.registry] 
New type java.util.ArrayList<java.lang.Object>

[2017-02-27 22:36:33 #7 type.registry] 
New type java.util.ArrayList<domain.Offer>

------------------------------------------------------------------------------------------------------------------------

[2017-02-27 22:58:11 #1 store] 
Database 'G:\Informatika\4 curso\Ingenieria del software\MarronObjectBD - copia\RuralHouses.odb' is opened by 7492@ASIER

[2017-02-27 22:58:11 #2 type.registry] 
New type domain.RuralHouse

[2017-02-27 22:58:11 #3 type] 
Type domain.RuralHouse is not enhanced.

[2017-02-27 22:58:11 #4 type.registry] 
New type domain.Offer

[2017-02-27 22:58:11 #5 type] 
Type domain.Offer is not enhanced.

[2017-02-27 22:58:11 #6 type.registry] 
New type java.util.ArrayList<java.lang.Object>

[2017-02-27 22:58:11 #7 type.registry] 
New type java.util.ArrayList<domain.Offer>

------------------------------------------------------------------------------------------------------------------------

[2017-02-27 23:15:28 #1 store] 
Database 'G:\Informatika\4 curso\Ingenieria del software\MarronObjectBD - copia\RuralHouses.odb' has been recovered (tr. 1-28)

[2017-02-27 23:15:28 #2 store] 
Database 'G:\Informatika\4 curso\Ingenieria del software\MarronObjectBD - copia\RuralHouses.odb' is opened by 18804@ASIER

[2017-02-27 23:15:28 #3 type] 
Type domain.RuralHouse is not enhanced.

[2017-02-27 23:15:28 #4 type] 
Type domain.Offer is not enhanced.

------------------------------------------------------------------------------------------------------------------------

[2017-02-27 23:21:01 #1 store] 
Database 'G:\Informatika\4 curso\Ingenieria del software\MarronObjectBD - copia\RuralHouses.odb' has been recovered (tr. 29-29)

[2017-02-27 23:21:01 #2 store] 
Database 'G:\Informatika\4 curso\Ingenieria del software\MarronObjectBD - copia\RuralHouses.odb' is opened by 17240@ASIER

[2017-02-27 23:21:02 #3 type] 
Type domain.RuralHouse is not enhanced.

[2017-02-27 23:21:02 #4 type] 
Type domain.Offer is not enhanced.

------------------------------------------------------------------------------------------------------------------------

[2017-02-27 23:21:57 #1 store] 
Database 'G:\Informatika\4 curso\Ingenieria del software\MarronObjectBD - copia\RuralHouses.odb' is opened by 6556@ASIER

[2017-02-27 23:21:57 #2 type] 
Type domain.RuralHouse is not enhanced.

[2017-02-27 23:21:57 #3 type] 
Type domain.Offer is not enhanced.

------------------------------------------------------------------------------------------------------------------------

[2017-02-27 23:22:59 #1 store] 
Database 'G:\Informatika\4 curso\Ingenieria del software\MarronObjectBD - copia\RuralHouses.odb' has been recovered (tr. 31-33)

[2017-02-27 23:22:59 #2 store] 
Database 'G:\Informatika\4 curso\Ingenieria del software\MarronObjectBD - copia\RuralHouses.odb' is opened by 1088@ASIER

[2017-02-27 23:22:59 #3 type] 
Type domain.RuralHouse is not enhanced.

[2017-02-27 23:22:59 #4 type] 
Type domain.Offer is not enhanced.

